<?xml version="1.0" encoding="UTF-8"?>
<!-- Generated by org.testng.reporters.JUnitReportReporter -->
<testsuite name="ServiceNow.MassUpload.snowMassUploadFullAutomation" tests="4" time="6281.338" ignored="0" failures="0" timestamp="22 Aug 2018 08:19:21 GMT" skipped="0" hostname="GEAP-4171ZCY-LX" errors="0">
  <testcase name="ReadConfiguration" time="1.816" classname="ServiceNow.MassUpload.snowMassUploadFullAutomation"/>
  <testcase name="setUp" time="8.358" classname="ServiceNow.MassUpload.snowMassUploadFullAutomation"/>
  <testcase name="InvoicingDataInsertion" time="6269.849" classname="ServiceNow.MassUpload.snowMassUploadFullAutomation"/>
  <testcase name="tearDown" time="1.315" classname="ServiceNow.MassUpload.snowMassUploadFullAutomation"/>
</testsuite> <!-- ServiceNow.MassUpload.snowMassUploadFullAutomation -->
